<?xml version="1.0" encoding="utf-8"?><testsuites name="pytest tests"><testsuite name="pytest" errors="0" failures="0" skipped="0" tests="29" time="8.555" timestamp="2026-02-15T19:35:26.917745+00:00" hostname="agent-env-7318c47c-3629-4f4f-87a4-617936ec9262"><testcase classname="backend.tests.test_admin_features.TestRegistrationAccountStatus" name="test_register_player_gets_active_status" time="0.496" /><testcase classname="backend.tests.test_admin_features.TestRegistrationAccountStatus" name="test_register_venue_owner_gets_pending_status" time="0.291" /><testcase classname="backend.tests.test_admin_features.TestRegistrationAccountStatus" name="test_register_super_admin_blocked" time="0.090" /><testcase classname="backend.tests.test_admin_features.TestAdminLogin" name="test_admin_login_success" time="0.331" /><testcase classname="backend.tests.test_admin_features.TestAdminLogin" name="test_admin_login_wrong_password" time="0.278" /><testcase classname="backend.tests.test_admin_features.TestAdminDashboard" name="test_dashboard_requires_admin" time="0.389" /><testcase classname="backend.tests.test_admin_features.TestAdminDashboard" name="test_dashboard_returns_stats" time="0.455" /><testcase classname="backend.tests.test_admin_features.TestAdminUserManagement" name="test_list_users_requires_admin" time="0.054" /><testcase classname="backend.tests.test_admin_features.TestAdminUserManagement" name="test_list_users_success" time="0.057" /><testcase classname="backend.tests.test_admin_features.TestAdminUserManagement" name="test_list_users_filter_by_role" time="0.077" /><testcase classname="backend.tests.test_admin_features.TestAdminUserManagement" name="test_list_users_filter_by_status" time="0.052" /><testcase classname="backend.tests.test_admin_features.TestAdminUserManagement" name="test_approve_user_flow" time="0.439" /><testcase classname="backend.tests.test_admin_features.TestAdminUserManagement" name="test_reject_user_flow" time="0.421" /><testcase classname="backend.tests.test_admin_features.TestAdminUserManagement" name="test_suspend_user_flow" time="0.408" /><testcase classname="backend.tests.test_admin_features.TestAdminUserManagement" name="test_activate_suspended_user" time="0.461" /><testcase classname="backend.tests.test_admin_features.TestAdminVenueManagement" name="test_list_venues_requires_admin" time="0.379" /><testcase classname="backend.tests.test_admin_features.TestAdminVenueManagement" name="test_list_venues_success" time="0.095" /><testcase classname="backend.tests.test_admin_features.TestAdminVenueManagement" name="test_suspend_venue_flow" time="0.507" /><testcase classname="backend.tests.test_admin_features.TestAdminSettings" name="test_get_settings_requires_admin" time="0.067" /><testcase classname="backend.tests.test_admin_features.TestAdminSettings" name="test_get_settings_success" time="0.058" /><testcase classname="backend.tests.test_admin_features.TestAdminSettings" name="test_update_settings_payment_gateway" time="0.581" /><testcase classname="backend.tests.test_admin_features.TestAdminSettings" name="test_update_settings_commission" time="0.197" /><testcase classname="backend.tests.test_admin_features.TestAdminSettings" name="test_update_settings_subscription_plans" time="0.188" /><testcase classname="backend.tests.test_admin_features.TestAdminSettings" name="test_update_settings_invalid_field_rejected" time="0.068" /><testcase classname="backend.tests.test_admin_features.TestAdminChangePassword" name="test_change_password_requires_admin" time="0.059" /><testcase classname="backend.tests.test_admin_features.TestAdminChangePassword" name="test_change_password_too_short" time="0.071" /><testcase classname="backend.tests.test_admin_features.TestAdminChangePassword" name="test_change_password_success" time="1.275" /><testcase classname="backend.tests.test_admin_features.TestAdminAccessControl" name="test_all_admin_routes_require_auth" time="0.315" /><testcase classname="backend.tests.test_admin_features.TestAdminAccessControl" name="test_player_cannot_access_admin_routes" time="0.257" /></testsuite></testsuites>