<?xml version="1.0" encoding="utf-8"?><testsuites name="pytest tests"><testsuite name="pytest" errors="0" failures="1" skipped="5" tests="11" time="2.284" timestamp="2026-02-16T19:10:12.121689+00:00" hostname="agent-env-30b522dd-9263-480d-b32a-a4dc5cd7c8bb"><testcase classname="backend.tests.test_booking_mock_payment.TestMockPaymentBookingFlow" name="test_create_booking_returns_payment_pending_status" time="1.289"><skipped type="pytest.skip" message="Slot already booked, skipping this test">/app/backend/tests/test_booking_mock_payment.py:75: Slot already booked, skipping this test</skipped></testcase><testcase classname="backend.tests.test_booking_mock_payment.TestMockPaymentBookingFlow" name="test_mock_confirm_changes_status_to_confirmed" time="0.000"><skipped type="pytest.skip" message="No test booking available">/app/backend/tests/test_booking_mock_payment.py:103: No test booking available</skipped></testcase><testcase classname="backend.tests.test_booking_mock_payment.TestMockPaymentBookingFlow" name="test_mock_confirm_rejects_already_confirmed" time="0.000"><skipped type="pytest.skip" message="No test booking available">/app/backend/tests/test_booking_mock_payment.py:136: No test booking available</skipped></testcase><testcase classname="backend.tests.test_booking_mock_payment.TestSplitPaymentBookingFlow" name="test_create_split_booking_returns_pending_status" time="0.080"><skipped type="pytest.skip" message="Slot already booked, skipping this test">/app/backend/tests/test_booking_mock_payment.py:172: Slot already booked, skipping this test</skipped></testcase><testcase classname="backend.tests.test_booking_mock_payment.TestSlotStatusWithPaymentPending" name="test_slot_shows_booked_for_payment_pending" time="0.083"><skipped type="pytest.skip" message="Slot already booked">/app/backend/tests/test_booking_mock_payment.py:221: Slot already booked</skipped></testcase><testcase classname="backend.tests.test_booking_mock_payment.TestExpiredBookingsCleanup" name="test_cleanup_expired_endpoint_exists" time="0.322" /><testcase classname="backend.tests.test_booking_mock_payment.TestExpiredBookingsCleanup" name="test_expired_bookings_get_cancelled" time="0.145"><failure message="AssertionError: Booking d81e6e80-d94a-4a61-a9c2-aa684efb4c30 missing expires_at field&#10;assert 'expires_at' in {'commission_amount': 170, 'created_at': '2026-02-16T17:30:42.583903+00:00', 'date': '2026-02-18', 'end_time': '07:00', ...}">backend/tests/test_booking_mock_payment.py:287: in test_expired_bookings_get_cancelled
    assert "expires_at" in booking, \
E   AssertionError: Booking d81e6e80-d94a-4a61-a9c2-aa684efb4c30 missing expires_at field
E   assert 'expires_at' in {'commission_amount': 170, 'created_at': '2026-02-16T17:30:42.583903+00:00', 'date': '2026-02-18', 'end_time': '07:00', ...}</failure></testcase><testcase classname="backend.tests.test_booking_mock_payment.TestMockConfirmEndpointValidation" name="test_mock_confirm_requires_auth" time="0.144" /><testcase classname="backend.tests.test_booking_mock_payment.TestMockConfirmEndpointValidation" name="test_mock_confirm_rejects_non_mock_bookings" time="0.000" /><testcase classname="backend.tests.test_booking_mock_payment.TestMockConfirmEndpointValidation" name="test_mock_confirm_rejects_non_host" time="0.000" /><testcase classname="backend.tests.test_booking_mock_payment.TestGatewayInfo" name="test_gateway_info_shows_mock" time="0.149" /></testsuite></testsuites>