<?xml version="1.0" encoding="utf-8"?><testsuites name="pytest tests"><testsuite name="pytest" errors="0" failures="0" skipped="0" tests="54" time="35.564" timestamp="2026-02-16T17:30:31.938246+00:00" hostname="agent-env-417aeaec-46c1-406e-9d7a-051e92580992"><testcase classname="tests.test_comprehensive_e2e.TestAuth" name="test_player_login_success" time="1.057" /><testcase classname="tests.test_comprehensive_e2e.TestAuth" name="test_owner_login_success" time="0.454" /><testcase classname="tests.test_comprehensive_e2e.TestAuth" name="test_admin_login_success" time="0.368" /><testcase classname="tests.test_comprehensive_e2e.TestAuth" name="test_coach_login_success" time="0.442" /><testcase classname="tests.test_comprehensive_e2e.TestAuth" name="test_invalid_credentials_rejected" time="0.167" /><testcase classname="tests.test_comprehensive_e2e.TestAuth" name="test_unauthenticated_protected_endpoint" time="0.140" /><testcase classname="tests.test_comprehensive_e2e.TestPlayerDashboard" name="test_get_player_stats" time="0.650" /><testcase classname="tests.test_comprehensive_e2e.TestPlayerDashboard" name="test_get_player_bookings" time="0.575" /><testcase classname="tests.test_comprehensive_e2e.TestPlayerDashboard" name="test_get_player_analytics" time="0.738" /><testcase classname="tests.test_comprehensive_e2e.TestVenueDiscovery" name="test_list_venues" time="0.581" /><testcase classname="tests.test_comprehensive_e2e.TestVenueDiscovery" name="test_filter_venues_by_sport" time="0.554" /><testcase classname="tests.test_comprehensive_e2e.TestVenueDiscovery" name="test_search_venues" time="0.622" /><testcase classname="tests.test_comprehensive_e2e.TestVenueDiscovery" name="test_venue_cards_display" time="0.562" /><testcase classname="tests.test_comprehensive_e2e.TestVenueDetail" name="test_get_venue_detail" time="0.828" /><testcase classname="tests.test_comprehensive_e2e.TestVenueDetail" name="test_get_venue_slots" time="0.928" /><testcase classname="tests.test_comprehensive_e2e.TestBookingFlow" name="test_create_booking_flow" time="1.067" /><testcase classname="tests.test_comprehensive_e2e.TestBookingFlow" name="test_split_payment_option" time="0.822" /><testcase classname="tests.test_comprehensive_e2e.TestMatchmaking" name="test_list_matches" time="0.560" /><testcase classname="tests.test_comprehensive_e2e.TestMatchmaking" name="test_create_match_request" time="0.736" /><testcase classname="tests.test_comprehensive_e2e.TestMatchmaking" name="test_recommended_matches" time="0.548" /><testcase classname="tests.test_comprehensive_e2e.TestMatchmaking" name="test_auto_match" time="0.625" /><testcase classname="tests.test_comprehensive_e2e.TestLeaderboard" name="test_get_leaderboard" time="0.535" /><testcase classname="tests.test_comprehensive_e2e.TestLeaderboard" name="test_leaderboard_filter_by_sport" time="0.508" /><testcase classname="tests.test_comprehensive_e2e.TestRatingProfile" name="test_get_rating_history" time="0.744" /><testcase classname="tests.test_comprehensive_e2e.TestRatingProfile" name="test_verify_rating_chain" time="0.755" /><testcase classname="tests.test_comprehensive_e2e.TestRatingProfile" name="test_get_rating_certificate" time="0.838" /><testcase classname="tests.test_comprehensive_e2e.TestMercenaryMarketplace" name="test_list_mercenary_posts" time="0.520" /><testcase classname="tests.test_comprehensive_e2e.TestMercenaryMarketplace" name="test_my_mercenary_posts" time="0.721" /><testcase classname="tests.test_comprehensive_e2e.TestVenueOwnerDashboard" name="test_get_owner_venues" time="0.564" /><testcase classname="tests.test_comprehensive_e2e.TestVenueOwnerDashboard" name="test_get_owner_bookings" time="0.731" /><testcase classname="tests.test_comprehensive_e2e.TestVenueOwnerDashboard" name="test_get_venue_analytics" time="0.688" /><testcase classname="tests.test_comprehensive_e2e.TestDynamicPricing" name="test_get_pricing_rules" time="0.876" /><testcase classname="tests.test_comprehensive_e2e.TestDynamicPricing" name="test_create_pricing_rule" time="1.180" /><testcase classname="tests.test_comprehensive_e2e.TestDynamicPricing" name="test_toggle_pricing_rule" time="0.951" /><testcase classname="tests.test_comprehensive_e2e.TestSubscriptionPlans" name="test_get_my_plan" time="0.624" /><testcase classname="tests.test_comprehensive_e2e.TestSuperAdmin" name="test_admin_dashboard" time="0.573" /><testcase classname="tests.test_comprehensive_e2e.TestSuperAdmin" name="test_admin_users_list" time="0.559" /><testcase classname="tests.test_comprehensive_e2e.TestSuperAdmin" name="test_admin_venues_list" time="0.534" /><testcase classname="tests.test_comprehensive_e2e.TestSuperAdmin" name="test_admin_settings" time="0.497" /><testcase classname="tests.test_comprehensive_e2e.TestVideoHighlights" name="test_list_highlights" time="0.517" /><testcase classname="tests.test_comprehensive_e2e.TestVideoHighlights" name="test_upload_video" time="0.833" /><testcase classname="tests.test_comprehensive_e2e.TestSharedHighlight" name="test_get_shared_highlight" time="0.179" /><testcase classname="tests.test_comprehensive_e2e.TestIoTDashboard" name="test_mqtt_status" time="0.680" /><testcase classname="tests.test_comprehensive_e2e.TestIoTDashboard" name="test_list_iot_devices" time="0.745" /><testcase classname="tests.test_comprehensive_e2e.TestIoTDashboard" name="test_list_iot_zones" time="0.823" /><testcase classname="tests.test_comprehensive_e2e.TestIoTDashboard" name="test_energy_analytics" time="0.702" /><testcase classname="tests.test_comprehensive_e2e.TestIoTDashboard" name="test_iot_schedules" time="0.807" /><testcase classname="tests.test_comprehensive_e2e.TestIoTDashboard" name="test_device_control" time="0.973" /><testcase classname="tests.test_comprehensive_e2e.TestIoTDashboard" name="test_admin_mqtt_access" time="0.563" /><testcase classname="tests.test_comprehensive_e2e.TestNotifications" name="test_list_notifications" time="0.642" /><testcase classname="tests.test_comprehensive_e2e.TestNotifications" name="test_unread_count" time="0.642" /><testcase classname="tests.test_comprehensive_e2e.TestNotifications" name="test_mark_all_read" time="0.541" /><testcase classname="tests.test_comprehensive_e2e.TestPaymentGateway" name="test_payment_gateway_info" time="0.789" /><testcase classname="tests.test_comprehensive_e2e.TestAcademies" name="test_list_academies" time="0.560" /></testsuite></testsuites>