<?xml version="1.0" encoding="utf-8"?><testsuites name="pytest tests"><testsuite name="pytest" errors="0" failures="0" skipped="0" tests="20" time="4.291" timestamp="2026-02-16T03:59:00.546596+00:00" hostname="agent-env-79b6b824-6845-4436-a470-36838dde29b7"><testcase classname="backend.tests.test_glicko2_matchmaking.TestLeaderboard" name="test_get_leaderboard" time="0.255" /><testcase classname="backend.tests.test_glicko2_matchmaking.TestLeaderboard" name="test_get_leaderboard_sorted_by_rating" time="0.068" /><testcase classname="backend.tests.test_glicko2_matchmaking.TestLeaderboard" name="test_leaderboard_sport_filter" time="0.061" /><testcase classname="backend.tests.test_glicko2_matchmaking.TestLeaderboard" name="test_leaderboard_rank_numbers" time="0.064" /><testcase classname="backend.tests.test_glicko2_matchmaking.TestRecommendedMatches" name="test_recommended_matches_unauthenticated" time="0.067" /><testcase classname="backend.tests.test_glicko2_matchmaking.TestRecommendedMatches" name="test_recommended_matches_authenticated" time="0.431" /><testcase classname="backend.tests.test_glicko2_matchmaking.TestAutoMatch" name="test_auto_match_unauthenticated" time="0.095" /><testcase classname="backend.tests.test_glicko2_matchmaking.TestAutoMatch" name="test_auto_match_authenticated" time="0.073" /><testcase classname="backend.tests.test_glicko2_matchmaking.TestTeamSuggestion" name="test_suggest_teams_requires_auth" time="0.060" /><testcase classname="backend.tests.test_glicko2_matchmaking.TestTeamSuggestion" name="test_suggest_teams_not_found" time="0.066" /><testcase classname="backend.tests.test_glicko2_matchmaking.TestMatchResultSubmission" name="test_submit_result_requires_auth" time="0.066" /><testcase classname="backend.tests.test_glicko2_matchmaking.TestMatchResultSubmission" name="test_submit_result_not_found" time="0.067" /><testcase classname="backend.tests.test_glicko2_matchmaking.TestMatchResultSubmission" name="test_confirm_result_requires_auth" time="0.075" /><testcase classname="backend.tests.test_glicko2_matchmaking.TestMatchCreationWithRatings" name="test_create_match_includes_creator_rating" time="0.100" /><testcase classname="backend.tests.test_glicko2_matchmaking.TestJoinMatchWithRatings" name="test_join_match_adds_rating" time="0.794" /><testcase classname="backend.tests.test_glicko2_matchmaking.TestFullResultFlow" name="test_full_result_flow" time="1.600" /><testcase classname="backend.tests.test_glicko2_matchmaking.TestExistingFeatures" name="test_list_matches" time="0.070" /><testcase classname="backend.tests.test_glicko2_matchmaking.TestExistingFeatures" name="test_list_mercenary" time="0.067" /><testcase classname="backend.tests.test_glicko2_matchmaking.TestExistingFeatures" name="test_my_mercenary_posts" time="0.062" /><testcase classname="backend.tests.test_glicko2_matchmaking.TestNotificationOnRatingUpdate" name="test_notifications_after_result" time="0.063" /></testsuite></testsuites>