<?xml version="1.0" encoding="utf-8"?><testsuites name="pytest tests"><testsuite name="pytest" errors="0" failures="0" skipped="0" tests="21" time="11.373" timestamp="2026-02-16T15:58:07.990078+00:00" hostname="agent-env-417aeaec-46c1-406e-9d7a-051e92580992"><testcase classname="backend.tests.test_highlights.TestHighlightsAPI" name="test_list_highlights_player" time="0.837" /><testcase classname="backend.tests.test_highlights.TestHighlightsAPI" name="test_list_highlights_owner" time="0.671" /><testcase classname="backend.tests.test_highlights.TestHighlightsAPI" name="test_list_highlights_unauthenticated" time="0.145" /><testcase classname="backend.tests.test_highlights.TestHighlightsAPI" name="test_get_shared_highlight_valid" time="0.268" /><testcase classname="backend.tests.test_highlights.TestHighlightsAPI" name="test_get_shared_highlight_invalid" time="0.158" /><testcase classname="backend.tests.test_highlights.TestHighlightsAPI" name="test_upload_video_success" time="0.419" /><testcase classname="backend.tests.test_highlights.TestHighlightsAPI" name="test_upload_video_unauthenticated" time="0.459" /><testcase classname="backend.tests.test_highlights.TestHighlightsAPI" name="test_get_highlight_success" time="0.158" /><testcase classname="backend.tests.test_highlights.TestHighlightsAPI" name="test_get_highlight_not_found" time="0.286" /><testcase classname="backend.tests.test_highlights.TestHighlightsAPI" name="test_analyze_video_success" time="4.989" /><testcase classname="backend.tests.test_highlights.TestHighlightsAPI" name="test_analyze_highlight_not_found" time="0.274" /><testcase classname="backend.tests.test_highlights.TestHighlightsAPI" name="test_toggle_share_enable" time="0.192" /><testcase classname="backend.tests.test_highlights.TestHighlightsAPI" name="test_shared_link_accessible" time="0.132" /><testcase classname="backend.tests.test_highlights.TestHighlightsAPI" name="test_toggle_share_disable" time="0.409" /><testcase classname="backend.tests.test_highlights.TestHighlightsAPI" name="test_share_highlight_not_found" time="0.163" /><testcase classname="backend.tests.test_highlights.TestHighlightsAPI" name="test_delete_highlight_success" time="0.304" /><testcase classname="backend.tests.test_highlights.TestHighlightsAPI" name="test_delete_highlight_not_found" time="0.134" /><testcase classname="backend.tests.test_highlights.TestHighlightsAPI" name="test_delete_highlight_unauthenticated" time="0.124" /><testcase classname="backend.tests.test_highlights.TestHighlightsOwnerAccess" name="test_owner_can_list_highlights" time="0.536" /><testcase classname="backend.tests.test_highlights.TestHighlightsOwnerAccess" name="test_owner_can_upload_video" time="0.334" /><testcase classname="backend.tests.test_highlights.TestHighlightsOwnerAccess" name="test_cleanup_owner_highlight" time="0.260" /></testsuite></testsuites>