<?xml version="1.0" encoding="utf-8"?><testsuites name="pytest tests"><testsuite name="pytest" errors="0" failures="0" skipped="23" tests="23" time="1.599" timestamp="2026-02-16T16:22:32.438784+00:00" hostname="agent-env-417aeaec-46c1-406e-9d7a-051e92580992"><testcase classname="backend.tests.test_iot_features.TestDeviceList" name="test_list_devices_as_venue_owner" time="0.623"><skipped type="pytest.skip" message="Venue owner authentication failed">/app/backend/tests/test_iot_features.py:79: Venue owner authentication failed</skipped></testcase><testcase classname="backend.tests.test_iot_features.TestDeviceList" name="test_list_devices_as_super_admin" time="0.466"><skipped type="pytest.skip" message="Super admin authentication failed">/app/backend/tests/test_iot_features.py:98: Super admin authentication failed</skipped></testcase><testcase classname="backend.tests.test_iot_features.TestDeviceList" name="test_list_devices_unauthorized_for_player" time="0.410"><skipped type="pytest.skip" message="Player authentication failed">/app/backend/tests/test_iot_features.py:107: Player authentication failed</skipped></testcase><testcase classname="backend.tests.test_iot_features.TestDeviceList" name="test_list_devices_without_auth" time="0.000"><skipped type="pytest.skip" message="Venue owner authentication failed">/app/backend/tests/test_iot_features.py:114: Venue owner authentication failed</skipped></testcase><testcase classname="backend.tests.test_iot_features.TestDeviceCRUD" name="test_create_device" time="0.000"><skipped type="pytest.skip" message="Venue owner authentication failed">/app/backend/tests/test_iot_features.py:123: Venue owner authentication failed</skipped></testcase><testcase classname="backend.tests.test_iot_features.TestDeviceCRUD" name="test_control_device_on" time="0.000"><skipped type="pytest.skip" message="Venue owner authentication failed">/app/backend/tests/test_iot_features.py:151: Venue owner authentication failed</skipped></testcase><testcase classname="backend.tests.test_iot_features.TestDeviceCRUD" name="test_control_device_brightness" time="0.000"><skipped type="pytest.skip" message="Venue owner authentication failed">/app/backend/tests/test_iot_features.py:169: Venue owner authentication failed</skipped></testcase><testcase classname="backend.tests.test_iot_features.TestDeviceCRUD" name="test_control_device_off" time="0.000"><skipped type="pytest.skip" message="Venue owner authentication failed">/app/backend/tests/test_iot_features.py:186: Venue owner authentication failed</skipped></testcase><testcase classname="backend.tests.test_iot_features.TestDeviceCRUD" name="test_control_device_404" time="0.000"><skipped type="pytest.skip" message="Venue owner authentication failed">/app/backend/tests/test_iot_features.py:204: Venue owner authentication failed</skipped></testcase><testcase classname="backend.tests.test_iot_features.TestDeviceCRUD" name="test_delete_device" time="0.000"><skipped type="pytest.skip" message="Venue owner authentication failed">/app/backend/tests/test_iot_features.py:214: Venue owner authentication failed</skipped></testcase><testcase classname="backend.tests.test_iot_features.TestZoneList" name="test_list_zones" time="0.000"><skipped type="pytest.skip" message="Venue owner authentication failed">/app/backend/tests/test_iot_features.py:240: Venue owner authentication failed</skipped></testcase><testcase classname="backend.tests.test_iot_features.TestZoneCRUD" name="test_create_zone" time="0.000"><skipped type="pytest.skip" message="Venue owner authentication failed">/app/backend/tests/test_iot_features.py:260: Venue owner authentication failed</skipped></testcase><testcase classname="backend.tests.test_iot_features.TestZoneCRUD" name="test_control_zone_on" time="0.000"><skipped type="pytest.skip" message="Venue owner authentication failed">/app/backend/tests/test_iot_features.py:280: Venue owner authentication failed</skipped></testcase><testcase classname="backend.tests.test_iot_features.TestZoneCRUD" name="test_control_zone_off" time="0.000"><skipped type="pytest.skip" message="Venue owner authentication failed">/app/backend/tests/test_iot_features.py:304: Venue owner authentication failed</skipped></testcase><testcase classname="backend.tests.test_iot_features.TestZoneCRUD" name="test_delete_zone" time="0.000"><skipped type="pytest.skip" message="Venue owner authentication failed">/app/backend/tests/test_iot_features.py:326: Venue owner authentication failed</skipped></testcase><testcase classname="backend.tests.test_iot_features.TestEnergyAnalytics" name="test_energy_analytics_7d" time="0.000"><skipped type="pytest.skip" message="Venue owner authentication failed">/app/backend/tests/test_iot_features.py:343: Venue owner authentication failed</skipped></testcase><testcase classname="backend.tests.test_iot_features.TestEnergyAnalytics" name="test_energy_analytics_30d" time="0.000"><skipped type="pytest.skip" message="Venue owner authentication failed">/app/backend/tests/test_iot_features.py:379: Venue owner authentication failed</skipped></testcase><testcase classname="backend.tests.test_iot_features.TestSchedules" name="test_list_schedules" time="0.000"><skipped type="pytest.skip" message="Venue owner authentication failed">/app/backend/tests/test_iot_features.py:400: Venue owner authentication failed</skipped></testcase><testcase classname="backend.tests.test_iot_features.TestSchedules" name="test_sync_bookings" time="0.000"><skipped type="pytest.skip" message="Venue owner authentication failed">/app/backend/tests/test_iot_features.py:429: Venue owner authentication failed</skipped></testcase><testcase classname="backend.tests.test_iot_features.TestAuthAccess" name="test_player_cannot_access_iot_devices" time="0.000"><skipped type="pytest.skip" message="Player authentication failed">/app/backend/tests/test_iot_features.py:451: Player authentication failed</skipped></testcase><testcase classname="backend.tests.test_iot_features.TestAuthAccess" name="test_player_cannot_access_iot_zones" time="0.000"><skipped type="pytest.skip" message="Player authentication failed">/app/backend/tests/test_iot_features.py:457: Player authentication failed</skipped></testcase><testcase classname="backend.tests.test_iot_features.TestAuthAccess" name="test_player_cannot_access_energy" time="0.000"><skipped type="pytest.skip" message="Player authentication failed">/app/backend/tests/test_iot_features.py:463: Player authentication failed</skipped></testcase><testcase classname="backend.tests.test_iot_features.TestAuthAccess" name="test_super_admin_can_access_any_venue_iot" time="0.000"><skipped type="pytest.skip" message="Super admin authentication failed">/app/backend/tests/test_iot_features.py:469: Super admin authentication failed</skipped></testcase></testsuite></testsuites>