<?xml version="1.0" encoding="utf-8"?><testsuites name="pytest tests"><testsuite name="pytest" errors="0" failures="0" skipped="0" tests="23" time="9.290" timestamp="2026-02-16T16:22:49.421485+00:00" hostname="agent-env-417aeaec-46c1-406e-9d7a-051e92580992"><testcase classname="backend.tests.test_iot_features.TestDeviceList" name="test_list_devices_as_venue_owner" time="0.899" /><testcase classname="backend.tests.test_iot_features.TestDeviceList" name="test_list_devices_as_super_admin" time="0.704" /><testcase classname="backend.tests.test_iot_features.TestDeviceList" name="test_list_devices_unauthorized_for_player" time="0.608" /><testcase classname="backend.tests.test_iot_features.TestDeviceList" name="test_list_devices_without_auth" time="0.302" /><testcase classname="backend.tests.test_iot_features.TestDeviceCRUD" name="test_create_device" time="1.532" /><testcase classname="backend.tests.test_iot_features.TestDeviceCRUD" name="test_control_device_on" time="0.475" /><testcase classname="backend.tests.test_iot_features.TestDeviceCRUD" name="test_control_device_brightness" time="0.180" /><testcase classname="backend.tests.test_iot_features.TestDeviceCRUD" name="test_control_device_off" time="0.549" /><testcase classname="backend.tests.test_iot_features.TestDeviceCRUD" name="test_control_device_404" time="0.240" /><testcase classname="backend.tests.test_iot_features.TestDeviceCRUD" name="test_delete_device" time="0.412" /><testcase classname="backend.tests.test_iot_features.TestZoneList" name="test_list_zones" time="0.141" /><testcase classname="backend.tests.test_iot_features.TestZoneCRUD" name="test_create_zone" time="0.126" /><testcase classname="backend.tests.test_iot_features.TestZoneCRUD" name="test_control_zone_on" time="0.513" /><testcase classname="backend.tests.test_iot_features.TestZoneCRUD" name="test_control_zone_off" time="0.593" /><testcase classname="backend.tests.test_iot_features.TestZoneCRUD" name="test_delete_zone" time="0.138" /><testcase classname="backend.tests.test_iot_features.TestEnergyAnalytics" name="test_energy_analytics_7d" time="0.150" /><testcase classname="backend.tests.test_iot_features.TestEnergyAnalytics" name="test_energy_analytics_30d" time="0.147" /><testcase classname="backend.tests.test_iot_features.TestSchedules" name="test_list_schedules" time="0.189" /><testcase classname="backend.tests.test_iot_features.TestSchedules" name="test_sync_bookings" time="0.154" /><testcase classname="backend.tests.test_iot_features.TestAuthAccess" name="test_player_cannot_access_iot_devices" time="0.116" /><testcase classname="backend.tests.test_iot_features.TestAuthAccess" name="test_player_cannot_access_iot_zones" time="0.169" /><testcase classname="backend.tests.test_iot_features.TestAuthAccess" name="test_player_cannot_access_energy" time="0.331" /><testcase classname="backend.tests.test_iot_features.TestAuthAccess" name="test_super_admin_can_access_any_venue_iot" time="0.511" /></testsuite></testsuites>