<?xml version="1.0" encoding="utf-8"?><testsuites name="pytest tests"><testsuite name="pytest" errors="0" failures="0" skipped="2" tests="19" time="14.719" timestamp="2026-02-16T03:07:56.601068+00:00" hostname="agent-env-7318c47c-3629-4f4f-87a4-617936ec9262"><testcase classname="backend.tests.test_mercenary_marketplace.TestMercenaryList" name="test_list_mercenary_posts_unauthenticated" time="0.262" /><testcase classname="backend.tests.test_mercenary_marketplace.TestMercenaryList" name="test_list_mercenary_posts_by_sport" time="0.175" /><testcase classname="backend.tests.test_mercenary_marketplace.TestMercenaryMyPosts" name="test_my_posts_requires_auth" time="0.185" /><testcase classname="backend.tests.test_mercenary_marketplace.TestMercenaryMyPosts" name="test_my_posts_returns_user_posts" time="0.519" /><testcase classname="backend.tests.test_mercenary_marketplace.TestMercenaryCreate" name="test_create_requires_auth" time="2.748" /><testcase classname="backend.tests.test_mercenary_marketplace.TestMercenaryCreate" name="test_create_requires_valid_booking" time="0.438" /><testcase classname="backend.tests.test_mercenary_marketplace.TestMercenaryCreate" name="test_create_with_valid_booking" time="0.663" /><testcase classname="backend.tests.test_mercenary_marketplace.TestMercenaryApply" name="test_apply_requires_auth" time="0.494" /><testcase classname="backend.tests.test_mercenary_marketplace.TestMercenaryApply" name="test_cannot_apply_to_own_post" time="0.701" /><testcase classname="backend.tests.test_mercenary_marketplace.TestMercenaryApply" name="test_apply_to_post_success" time="0.619" /><testcase classname="backend.tests.test_mercenary_marketplace.TestMercenaryApply" name="test_no_duplicate_applications" time="0.713" /><testcase classname="backend.tests.test_mercenary_marketplace.TestMercenaryAcceptReject" name="test_only_host_can_accept" time="1.387"><skipped type="pytest.skip" message="No applicants to accept">/app/backend/tests/test_mercenary_marketplace.py:280: No applicants to accept</skipped></testcase><testcase classname="backend.tests.test_mercenary_marketplace.TestMercenaryAcceptReject" name="test_host_can_accept_applicant" time="1.201"><skipped type="pytest.skip" message="No applicants to accept - run apply tests first">/app/backend/tests/test_mercenary_marketplace.py:293: No applicants to accept - run apply tests first</skipped></testcase><testcase classname="backend.tests.test_mercenary_marketplace.TestMercenaryAcceptReject" name="test_host_can_reject_applicant" time="0.535" /><testcase classname="backend.tests.test_mercenary_marketplace.TestMercenaryPayment" name="test_pay_requires_acceptance" time="0.647" /><testcase classname="backend.tests.test_mercenary_marketplace.TestMercenaryPayment" name="test_payment_returns_mock_or_razorpay" time="0.715" /><testcase classname="backend.tests.test_mercenary_marketplace.TestMercenaryNotifications" name="test_host_receives_application_notification" time="0.444" /><testcase classname="backend.tests.test_mercenary_marketplace.TestMercenaryNotifications" name="test_player_receives_acceptance_notification" time="0.445" /><testcase classname="backend.tests.test_mercenary_marketplace.TestMercenaryFullFlow" name="test_complete_mercenary_flow" time="1.729" /></testsuite></testsuites>