<?xml version="1.0" encoding="utf-8"?><testsuites name="pytest tests"><testsuite name="pytest" errors="0" failures="0" skipped="0" tests="16" time="4.894" timestamp="2026-02-16T17:03:43.439773+00:00" hostname="agent-env-417aeaec-46c1-406e-9d7a-051e92580992"><testcase classname="tests.test_mqtt_features.TestMQTTStatus" name="test_mqtt_status_returns_connected" time="0.886" /><testcase classname="tests.test_mqtt_features.TestMQTTStatus" name="test_mqtt_status_super_admin_access" time="0.654" /><testcase classname="tests.test_mqtt_features.TestMQTTStatus" name="test_mqtt_status_unauthenticated_rejected" time="0.176" /><testcase classname="tests.test_mqtt_features.TestDeviceControlViaMQTT" name="test_device_control_turn_on" time="0.594" /><testcase classname="tests.test_mqtt_features.TestDeviceControlViaMQTT" name="test_device_control_set_brightness" time="0.209" /><testcase classname="tests.test_mqtt_features.TestDeviceControlViaMQTT" name="test_device_control_turn_off" time="0.184" /><testcase classname="tests.test_mqtt_features.TestDeviceControlViaMQTT" name="test_device_control_invalid_device_404" time="0.155" /><testcase classname="tests.test_mqtt_features.TestZoneControlViaMQTT" name="test_zone_control_all_on" time="0.376" /><testcase classname="tests.test_mqtt_features.TestZoneControlViaMQTT" name="test_zone_control_all_off" time="0.135" /><testcase classname="tests.test_mqtt_features.TestZoneControlViaMQTT" name="test_zone_control_brightness" time="0.204" /><testcase classname="tests.test_mqtt_features.TestIoTCRUDWithMQTT" name="test_create_device_with_mqtt_topic" time="0.364" /><testcase classname="tests.test_mqtt_features.TestIoTCRUDWithMQTT" name="test_list_devices" time="0.154" /><testcase classname="tests.test_mqtt_features.TestEnergyAndSchedules" name="test_energy_analytics_7d" time="0.210" /><testcase classname="tests.test_mqtt_features.TestEnergyAndSchedules" name="test_schedules_today" time="0.141" /><testcase classname="tests.test_mqtt_features.TestEnergyAndSchedules" name="test_sync_bookings" time="0.148" /><testcase classname="tests.test_mqtt_features.TestWebSocketEndpoint" name="test_websocket_endpoint_exists" time="0.212" /></testsuite></testsuites>