<?xml version="1.0" encoding="utf-8"?><testsuites name="pytest tests"><testsuite name="pytest" errors="0" failures="0" skipped="0" tests="11" time="2.892" timestamp="2026-02-16T20:09:54.043562+00:00" hostname="agent-env-30b522dd-9263-480d-b32a-a4dc5cd7c8bb"><testcase classname="backend.tests.test_nearby_venues.TestNearbyVenuesAPI" name="test_nearby_bengaluru_returns_venues" time="0.306" /><testcase classname="backend.tests.test_nearby_venues.TestNearbyVenuesAPI" name="test_nearby_chennai_returns_only_chennai_venues" time="0.323" /><testcase classname="backend.tests.test_nearby_venues.TestNearbyVenuesAPI" name="test_nearby_mumbai_returns_mumbai_venues" time="0.216" /><testcase classname="backend.tests.test_nearby_venues.TestNearbyVenuesAPI" name="test_nearby_far_coordinates_returns_empty" time="0.174" /><testcase classname="backend.tests.test_nearby_venues.TestNearbyVenuesAPI" name="test_nearby_required_params" time="0.640" /><testcase classname="backend.tests.test_nearby_venues.TestNearbyVenuesAPI" name="test_nearby_default_radius" time="0.184" /><testcase classname="backend.tests.test_nearby_venues.TestNearbyVenuesAPI" name="test_nearby_with_sport_filter" time="0.188" /><testcase classname="backend.tests.test_nearby_venues.TestNearbyVenuesAPI" name="test_nearby_venue_has_all_fields" time="0.243" /><testcase classname="backend.tests.test_nearby_venues.TestNearbyVenuesAPI" name="test_nearby_hyderabad" time="0.140" /><testcase classname="backend.tests.test_nearby_venues.TestNearbyVenuesAPI" name="test_nearby_delhi" time="0.202" /><testcase classname="backend.tests.test_nearby_venues.TestNearbyVenuesAPI" name="test_nearby_limit_parameter" time="0.223" /></testsuite></testsuites>