<?xml version="1.0" encoding="utf-8"?><testsuites name="pytest tests"><testsuite name="pytest" errors="0" failures="0" skipped="0" tests="16" time="6.471" timestamp="2026-02-15T19:12:51.018570+00:00" hostname="agent-env-7318c47c-3629-4f4f-87a4-617936ec9262"><testcase classname="backend.tests.test_notifications.TestNotificationSubscribe" name="test_subscribe_to_slot_notification" time="0.735" /><testcase classname="backend.tests.test_notifications.TestNotificationSubscribe" name="test_subscribe_duplicate_returns_already_subscribed" time="0.189" /><testcase classname="backend.tests.test_notifications.TestNotificationSubscribe" name="test_subscribe_requires_auth" time="0.121" /><testcase classname="backend.tests.test_notifications.TestNotificationSubscribe" name="test_unsubscribe_from_slot_notification" time="0.131" /><testcase classname="backend.tests.test_notifications.TestNotificationSubscribe" name="test_unsubscribe_nonexistent_subscription" time="0.452" /><testcase classname="backend.tests.test_notifications.TestNotificationList" name="test_get_notifications_list" time="0.114" /><testcase classname="backend.tests.test_notifications.TestNotificationList" name="test_get_notifications_requires_auth" time="0.121" /><testcase classname="backend.tests.test_notifications.TestNotificationList" name="test_get_unread_count" time="0.106" /><testcase classname="backend.tests.test_notifications.TestNotificationList" name="test_get_unread_count_requires_auth" time="0.118" /><testcase classname="backend.tests.test_notifications.TestNotificationReadStatus" name="test_mark_single_notification_as_read" time="0.241" /><testcase classname="backend.tests.test_notifications.TestNotificationReadStatus" name="test_mark_nonexistent_notification_as_read" time="0.132" /><testcase classname="backend.tests.test_notifications.TestNotificationReadStatus" name="test_mark_all_notifications_as_read" time="0.243" /><testcase classname="backend.tests.test_notifications.TestNotificationSubscriptions" name="test_get_my_subscriptions" time="0.691" /><testcase classname="backend.tests.test_notifications.TestNotificationSubscriptions" name="test_get_subscriptions_filtered_by_venue" time="0.114" /><testcase classname="backend.tests.test_notifications.TestNotificationSubscriptions" name="test_get_subscriptions_filtered_by_date" time="0.536" /><testcase classname="backend.tests.test_notifications.TestNotificationTriggerOnCancel" name="test_booking_cancel_triggers_notification" time="2.299" /></testsuite></testsuites>