<?xml version="1.0" encoding="utf-8"?><testsuites name="pytest tests"><testsuite name="pytest" errors="0" failures="0" skipped="0" tests="14" time="13.347" timestamp="2026-02-16T02:44:08.853754+00:00" hostname="agent-env-7318c47c-3629-4f4f-87a4-617936ec9262"><testcase classname="backend.tests.test_payment_subscription.TestPaymentGateway" name="test_gateway_info_no_keys" time="0.427" /><testcase classname="backend.tests.test_payment_subscription.TestPaymentGateway" name="test_booking_without_gateway_autoconfirms" time="1.745" /><testcase classname="backend.tests.test_payment_subscription.TestPaymentGateway" name="test_booking_includes_commission_amount" time="0.957" /><testcase classname="backend.tests.test_payment_subscription.TestSplitPayment" name="test_split_booking_creates_pending_booking" time="0.933" /><testcase classname="backend.tests.test_payment_subscription.TestSplitPayment" name="test_split_pay_endpoint" time="1.863" /><testcase classname="backend.tests.test_payment_subscription.TestSplitPayment" name="test_split_info_endpoint" time="1.178" /><testcase classname="backend.tests.test_payment_subscription.TestSplitPayment" name="test_split_verify_payment_endpoint" time="1.149" /><testcase classname="backend.tests.test_payment_subscription.TestSubscriptionPlan" name="test_my_plan_endpoint" time="0.535" /><testcase classname="backend.tests.test_payment_subscription.TestSubscriptionPlan" name="test_upgrade_plan_endpoint" time="0.498" /><testcase classname="backend.tests.test_payment_subscription.TestSubscriptionPlan" name="test_admin_set_user_plan" time="1.806" /><testcase classname="backend.tests.test_payment_subscription.TestSubscriptionPlan" name="test_venue_creation_enforces_plan_limits" time="0.274" /><testcase classname="backend.tests.test_payment_subscription.TestAdminGatewaySettings" name="test_admin_get_settings" time="0.216" /><testcase classname="backend.tests.test_payment_subscription.TestAdminGatewaySettings" name="test_admin_set_gateway_keys" time="0.576" /><testcase classname="backend.tests.test_payment_subscription.TestVerifyPaymentEndpoint" name="test_verify_payment_endpoint_exists" time="1.067" /></testsuite></testsuites>