<?xml version="1.0" encoding="utf-8"?><testsuites name="pytest tests"><testsuite name="pytest" errors="0" failures="0" skipped="0" tests="19" time="2.600" timestamp="2026-02-18T06:33:40.765845+00:00" hostname="agent-env-593655bf-a270-4d6a-88df-a41bd8680071"><testcase classname="backend.tests.test_pos.TestPOSAuthentication" name="test_login_venue_owner" time="0.484" /><testcase classname="backend.tests.test_pos.TestPOSAuthentication" name="test_get_owner_venues" time="0.116" /><testcase classname="backend.tests.test_pos.TestPOSProducts" name="test_list_products_empty_or_existing" time="0.125" /><testcase classname="backend.tests.test_pos.TestPOSProducts" name="test_create_product" time="0.105" /><testcase classname="backend.tests.test_pos.TestPOSProducts" name="test_verify_product_created" time="0.173" /><testcase classname="backend.tests.test_pos.TestPOSProducts" name="test_update_product" time="0.119" /><testcase classname="backend.tests.test_pos.TestPOSProducts" name="test_toggle_product_inactive" time="0.112" /><testcase classname="backend.tests.test_pos.TestPOSProducts" name="test_toggle_product_active" time="0.106" /><testcase classname="backend.tests.test_pos.TestPOSSales" name="test_record_sale" time="0.113" /><testcase classname="backend.tests.test_pos.TestPOSSales" name="test_verify_stock_decremented" time="0.106" /><testcase classname="backend.tests.test_pos.TestPOSSales" name="test_list_sales" time="0.112" /><testcase classname="backend.tests.test_pos.TestPOSSales" name="test_record_sale_upi" time="0.105" /><testcase classname="backend.tests.test_pos.TestPOSSales" name="test_record_sale_card" time="0.112" /><testcase classname="backend.tests.test_pos.TestPOSSummary" name="test_get_summary" time="0.098" /><testcase classname="backend.tests.test_pos.TestPOSCleanup" name="test_delete_product" time="0.111" /><testcase classname="backend.tests.test_pos.TestPOSCleanup" name="test_verify_product_deleted" time="0.116" /><testcase classname="backend.tests.test_pos.TestPOSEdgeCases" name="test_create_product_no_name" time="0.099" /><testcase classname="backend.tests.test_pos.TestPOSEdgeCases" name="test_create_product_no_venue" time="0.104" /><testcase classname="backend.tests.test_pos.TestPOSEdgeCases" name="test_sale_empty_items" time="0.103" /></testsuite></testsuites>