<?xml version="1.0" encoding="utf-8"?><testsuites name="pytest tests"><testsuite name="pytest" errors="0" failures="0" skipped="0" tests="12" time="9.100" timestamp="2026-02-16T15:31:05.623846+00:00" hostname="agent-env-417aeaec-46c1-406e-9d7a-051e92580992"><testcase classname="tests.test_pricing_rules.TestPricingRulesAPI" name="test_get_pricing_rules_success" time="0.743" /><testcase classname="tests.test_pricing_rules.TestPricingRulesAPI" name="test_create_pricing_rule_success" time="0.615" /><testcase classname="tests.test_pricing_rules.TestPricingRulesAPI" name="test_create_pricing_rule_multiplier" time="0.854" /><testcase classname="tests.test_pricing_rules.TestPricingRulesAPI" name="test_create_pricing_rule_requires_owner" time="0.583" /><testcase classname="tests.test_pricing_rules.TestPricingRulesAPI" name="test_update_pricing_rule_success" time="0.676" /><testcase classname="tests.test_pricing_rules.TestPricingRulesAPI" name="test_update_nonexistent_rule" time="0.444" /><testcase classname="tests.test_pricing_rules.TestPricingRulesAPI" name="test_toggle_pricing_rule_success" time="0.746" /><testcase classname="tests.test_pricing_rules.TestPricingRulesAPI" name="test_toggle_nonexistent_rule" time="0.627" /><testcase classname="tests.test_pricing_rules.TestPricingRulesAPI" name="test_delete_pricing_rule_success" time="1.170" /><testcase classname="tests.test_pricing_rules.TestPricingRulesAPI" name="test_delete_nonexistent_rule" time="0.508" /><testcase classname="tests.test_pricing_rules.TestPricingRulesPriceEffect" name="test_slot_prices_affected_by_rules" time="0.625" /><testcase classname="tests.test_pricing_rules.TestCleanup" name="test_cleanup_test_rules" time="1.424" /></testsuite></testsuites>