<?xml version="1.0" encoding="utf-8"?><testsuites name="pytest tests"><testsuite name="pytest" errors="0" failures="1" skipped="0" tests="7" time="3.490" timestamp="2026-02-18T06:19:55.662216+00:00" hostname="agent-env-593655bf-a270-4d6a-88df-a41bd8680071"><testcase classname="tests.test_profile_avatar_highlights.TestAuthMeAvatarField" name="test_login_returns_avatar_field" time="0.446" /><testcase classname="tests.test_profile_avatar_highlights.TestAuthMeAvatarField" name="test_auth_me_returns_avatar_field" time="0.430" /><testcase classname="tests.test_profile_avatar_highlights.TestProfileUpdateWithAvatar" name="test_update_profile_allows_avatar_field" time="0.550" /><testcase classname="tests.test_profile_avatar_highlights.TestImageUploadS3NotConfigured" name="test_image_upload_returns_503_without_s3" time="0.450"><failure message="AssertionError: Expected 503, got 520&#10;assert 520 == 503&#10; +  where 520 = &lt;Response [520]&gt;.status_code">tests/test_profile_avatar_highlights.py:125: in test_image_upload_returns_503_without_s3
    assert upload_resp.status_code == 503, f"Expected 503, got {upload_resp.status_code}"
E   AssertionError: Expected 503, got 520
E   assert 520 == 503
E    +  where 520 = &lt;Response [520]&gt;.status_code</failure></testcase><testcase classname="tests.test_profile_avatar_highlights.TestVideoHighlightsUpload" name="test_video_upload_returns_video_url_null" time="0.547" /><testcase classname="tests.test_profile_avatar_highlights.TestVideoHighlightsUpload" name="test_video_upload_stores_locally_without_s3" time="0.557" /><testcase classname="tests.test_profile_avatar_highlights.TestHighlightsListAndGet" name="test_list_highlights" time="0.437" /></testsuite></testsuites>