<?xml version="1.0" encoding="utf-8"?><testsuites name="pytest tests"><testsuite name="pytest" errors="0" failures="0" skipped="0" tests="7" time="3.474" timestamp="2026-02-18T06:20:14.619209+00:00" hostname="agent-env-593655bf-a270-4d6a-88df-a41bd8680071"><testcase classname="tests.test_profile_avatar_highlights.TestAuthMeAvatarField" name="test_login_returns_avatar_field" time="0.373" /><testcase classname="tests.test_profile_avatar_highlights.TestAuthMeAvatarField" name="test_auth_me_returns_avatar_field" time="0.469" /><testcase classname="tests.test_profile_avatar_highlights.TestProfileUpdateWithAvatar" name="test_update_profile_allows_avatar_field" time="0.587" /><testcase classname="tests.test_profile_avatar_highlights.TestImageUploadS3NotConfigured" name="test_image_upload_returns_503_without_s3" time="0.442" /><testcase classname="tests.test_profile_avatar_highlights.TestVideoHighlightsUpload" name="test_video_upload_returns_video_url_null" time="0.564" /><testcase classname="tests.test_profile_avatar_highlights.TestVideoHighlightsUpload" name="test_video_upload_stores_locally_without_s3" time="0.545" /><testcase classname="tests.test_profile_avatar_highlights.TestHighlightsListAndGet" name="test_list_highlights" time="0.438" /></testsuite></testsuites>