<?xml version="1.0" encoding="utf-8"?><testsuites name="pytest tests"><testsuite name="pytest" errors="0" failures="0" skipped="0" tests="8" time="1.727" timestamp="2026-02-18T04:11:52.325921+00:00" hostname="agent-env-971a8121-e5f5-44fe-8de3-f45442aff1fa"><testcase classname="backend.tests.test_public_venue_pages.TestPublicVenuePageAPI" name="test_get_venue_by_slug_powerplay_arena" time="0.247" /><testcase classname="backend.tests.test_public_venue_pages.TestPublicVenuePageAPI" name="test_get_venue_by_slug_smashpoint_courts" time="0.125" /><testcase classname="backend.tests.test_public_venue_pages.TestPublicVenuePageAPI" name="test_get_venue_by_slug_nonexistent" time="0.140" /><testcase classname="backend.tests.test_public_venue_pages.TestPublicVenuePageAPI" name="test_venue_by_slug_returns_all_required_fields" time="0.110" /><testcase classname="backend.tests.test_public_venue_pages.TestVenueListWithSlugs" name="test_venues_list_includes_slugs" time="0.117" /><testcase classname="backend.tests.test_public_venue_pages.TestOwnerVenuesWithSlug" name="test_owner_venues_include_slugs" time="0.462" /><testcase classname="backend.tests.test_public_venue_pages.TestReviewsForPublicPage" name="test_get_venue_reviews" time="0.221" /><testcase classname="backend.tests.test_public_venue_pages.TestReviewsForPublicPage" name="test_get_review_summary" time="0.234" /></testsuite></testsuites>