<?xml version="1.0" encoding="utf-8"?><testsuites name="pytest tests"><testsuite name="pytest" errors="0" failures="0" skipped="0" tests="18" time="5.043" timestamp="2026-02-16T04:14:19.886603+00:00" hostname="agent-env-79b6b824-6845-4436-a470-36838dde29b7"><testcase classname="backend.tests.test_rating_history.TestRatingHistoryEndpoint" name="test_history_requires_auth" time="0.229" /><testcase classname="backend.tests.test_rating_history.TestRatingHistoryEndpoint" name="test_history_returns_records_for_user" time="0.500" /><testcase classname="backend.tests.test_rating_history.TestRatingHistoryEndpoint" name="test_history_user_not_found" time="0.111" /><testcase classname="backend.tests.test_rating_history.TestRatingVerifyEndpoint" name="test_verify_requires_auth" time="0.124" /><testcase classname="backend.tests.test_rating_history.TestRatingVerifyEndpoint" name="test_verify_returns_chain_status" time="1.014" /><testcase classname="backend.tests.test_rating_history.TestRatingVerifyEndpoint" name="test_verify_user_not_found" time="0.116" /><testcase classname="backend.tests.test_rating_history.TestRatingCertificateEndpoint" name="test_certificate_requires_auth" time="0.108" /><testcase classname="backend.tests.test_rating_history.TestRatingCertificateEndpoint" name="test_certificate_returns_full_data" time="0.118" /><testcase classname="backend.tests.test_rating_history.TestRatingCertificateEndpoint" name="test_certificate_user_not_found" time="0.102" /><testcase classname="backend.tests.test_rating_history.TestChainIntegrity" name="test_chain_hash_validation" time="0.105" /><testcase classname="backend.tests.test_rating_history.TestChainIntegrity" name="test_first_record_has_genesis_prev_hash" time="0.110" /><testcase classname="backend.tests.test_rating_history.TestRecordContent" name="test_record_contains_opponent_snapshot" time="0.129" /><testcase classname="backend.tests.test_rating_history.TestRecordContent" name="test_record_contains_confirmations" time="0.122" /><testcase classname="backend.tests.test_rating_history.TestMatchResultCreatesHistory" name="test_match_flow_creates_rating_records" time="1.594" /><testcase classname="backend.tests.test_rating_history.TestViewOtherPlayerProfile" name="test_player_can_view_coach_history" time="0.130" /><testcase classname="backend.tests.test_rating_history.TestViewOtherPlayerProfile" name="test_player_can_view_coach_certificate" time="0.107" /><testcase classname="backend.tests.test_rating_history.TestViewOtherPlayerProfile" name="test_player_can_verify_coach_chain" time="0.116" /><testcase classname="backend.tests.test_rating_history.TestLeaderboardNavigation" name="test_leaderboard_returns_player_ids" time="0.115" /></testsuite></testsuites>