<?xml version="1.0" encoding="utf-8"?><testsuites name="pytest tests"><testsuite name="pytest" errors="0" failures="0" skipped="0" tests="38" time="17.393" timestamp="2026-02-16T03:36:40.873114+00:00" hostname="agent-env-79b6b824-6845-4436-a470-36838dde29b7"><testcase classname="backend.tests.test_refactored_backend.TestAuthEndpoints" name="test_admin_login" time="0.472" /><testcase classname="backend.tests.test_refactored_backend.TestAuthEndpoints" name="test_player_login" time="0.396" /><testcase classname="backend.tests.test_refactored_backend.TestAuthEndpoints" name="test_owner_login" time="0.356" /><testcase classname="backend.tests.test_refactored_backend.TestAuthEndpoints" name="test_invalid_login" time="0.147" /><testcase classname="backend.tests.test_refactored_backend.TestAuthEndpoints" name="test_register_player" time="0.376" /><testcase classname="backend.tests.test_refactored_backend.TestAuthEndpoints" name="test_register_super_admin_forbidden" time="0.144" /><testcase classname="backend.tests.test_refactored_backend.TestAuthEndpoints" name="test_get_me_authenticated" time="0.466" /><testcase classname="backend.tests.test_refactored_backend.TestAuthEndpoints" name="test_get_me_unauthenticated" time="0.151" /><testcase classname="backend.tests.test_refactored_backend.TestAuthEndpoints" name="test_update_profile" time="0.452" /><testcase classname="backend.tests.test_refactored_backend.TestVenueEndpoints" name="test_list_venues_public" time="0.249" /><testcase classname="backend.tests.test_refactored_backend.TestVenueEndpoints" name="test_get_venue_by_id" time="0.239" /><testcase classname="backend.tests.test_refactored_backend.TestVenueEndpoints" name="test_get_venue_not_found" time="0.113" /><testcase classname="backend.tests.test_refactored_backend.TestVenueEndpoints" name="test_get_venue_slots" time="0.345" /><testcase classname="backend.tests.test_refactored_backend.TestVenueEndpoints" name="test_owner_list_venues" time="0.594" /><testcase classname="backend.tests.test_refactored_backend.TestVenueEndpoints" name="test_create_venue_owner_only" time="0.510" /><testcase classname="backend.tests.test_refactored_backend.TestBookingEndpoints" name="test_list_bookings_authenticated" time="0.468" /><testcase classname="backend.tests.test_refactored_backend.TestBookingEndpoints" name="test_get_booking_not_found" time="1.128" /><testcase classname="backend.tests.test_refactored_backend.TestBookingEndpoints" name="test_create_booking_mock_payment" time="0.759" /><testcase classname="backend.tests.test_refactored_backend.TestBookingEndpoints" name="test_cancel_booking" time="0.945" /><testcase classname="backend.tests.test_refactored_backend.TestBookingEndpoints" name="test_payment_gateway_info" time="0.106" /><testcase classname="backend.tests.test_refactored_backend.TestMatchmakingEndpoints" name="test_list_open_matches_public" time="0.121" /><testcase classname="backend.tests.test_refactored_backend.TestMatchmakingEndpoints" name="test_create_match" time="0.478" /><testcase classname="backend.tests.test_refactored_backend.TestMatchmakingEndpoints" name="test_join_match" time="1.067" /><testcase classname="backend.tests.test_refactored_backend.TestMercenaryEndpoints" name="test_list_mercenary_posts_public" time="0.189" /><testcase classname="backend.tests.test_refactored_backend.TestMercenaryEndpoints" name="test_my_mercenary_posts" time="0.771" /><testcase classname="backend.tests.test_refactored_backend.TestMercenaryEndpoints" name="test_apply_mercenary_requires_auth" time="0.124" /><testcase classname="backend.tests.test_refactored_backend.TestNotificationEndpoints" name="test_get_notifications" time="0.527" /><testcase classname="backend.tests.test_refactored_backend.TestNotificationEndpoints" name="test_get_unread_count" time="0.545" /><testcase classname="backend.tests.test_refactored_backend.TestNotificationEndpoints" name="test_mark_all_read" time="0.586" /><testcase classname="backend.tests.test_refactored_backend.TestAdminEndpoints" name="test_admin_dashboard" time="0.719" /><testcase classname="backend.tests.test_refactored_backend.TestAdminEndpoints" name="test_admin_dashboard_unauthorized" time="0.493" /><testcase classname="backend.tests.test_refactored_backend.TestAdminEndpoints" name="test_admin_list_users" time="0.594" /><testcase classname="backend.tests.test_refactored_backend.TestAdminEndpoints" name="test_admin_get_settings" time="0.466" /><testcase classname="backend.tests.test_refactored_backend.TestAdminEndpoints" name="test_admin_update_settings" time="0.623" /><testcase classname="backend.tests.test_refactored_backend.TestAdminEndpoints" name="test_admin_list_venues" time="0.543" /><testcase classname="backend.tests.test_refactored_backend.TestSubscriptionEndpoints" name="test_get_my_plan" time="0.452" /><testcase classname="backend.tests.test_refactored_backend.TestAcademyEndpoints" name="test_list_academies" time="0.136" /><testcase classname="backend.tests.test_refactored_backend.TestAnalyticsEndpoints" name="test_player_analytics" time="0.440" /></testsuite></testsuites>