<?xml version="1.0" encoding="utf-8"?><testsuites name="pytest tests"><testsuite name="pytest" errors="0" failures="0" skipped="0" tests="15" time="3.783" timestamp="2026-02-16T20:20:37.870687+00:00" hostname="agent-env-30b522dd-9263-480d-b32a-a4dc5cd7c8bb"><testcase classname="backend.tests.test_reviews.TestReviewsGetList" name="test_get_reviews_returns_list" time="0.583" /><testcase classname="backend.tests.test_reviews.TestReviewsGetList" name="test_get_reviews_sorted_desc" time="0.191" /><testcase classname="backend.tests.test_reviews.TestReviewsGetList" name="test_get_reviews_has_required_fields" time="0.067" /><testcase classname="backend.tests.test_reviews.TestReviewsGetList" name="test_get_reviews_nonexistent_venue" time="0.092" /><testcase classname="backend.tests.test_reviews.TestReviewsSummary" name="test_get_summary_returns_aggregates" time="0.147" /><testcase classname="backend.tests.test_reviews.TestReviewsSummary" name="test_summary_avg_rating_in_range" time="0.084" /><testcase classname="backend.tests.test_reviews.TestReviewsSummary" name="test_summary_distribution_matches_total" time="0.065" /><testcase classname="backend.tests.test_reviews.TestCanReview" name="test_can_review_requires_auth" time="0.076" /><testcase classname="backend.tests.test_reviews.TestCanReview" name="test_can_review_returns_structure" time="0.496" /><testcase classname="backend.tests.test_reviews.TestCreateReview" name="test_create_review_requires_auth" time="0.066" /><testcase classname="backend.tests.test_reviews.TestCreateReview" name="test_create_review_requires_confirmed_booking" time="0.065" /><testcase classname="backend.tests.test_reviews.TestCreateReview" name="test_create_review_validates_rating" time="0.356" /><testcase classname="backend.tests.test_reviews.TestCreateReview" name="test_create_review_requires_booking_id" time="0.078" /><testcase classname="backend.tests.test_reviews.TestCreateReviewWithBooking" name="test_full_review_flow" time="1.261" /><testcase classname="backend.tests.test_reviews.TestVenueRatingUpdate" name="test_venue_has_rating_field" time="0.071" /></testsuite></testsuites>