<?xml version="1.0" encoding="utf-8"?><testsuites name="pytest tests"><testsuite name="pytest" errors="0" failures="0" skipped="0" tests="22" time="5.016" timestamp="2026-02-16T19:52:01.957046+00:00" hostname="agent-env-30b522dd-9263-480d-b32a-a4dc5cd7c8bb"><testcase classname="tests.test_venue_search_enhancements.TestVenueCitiesEndpoint" name="test_cities_returns_list_with_counts" time="0.771" /><testcase classname="tests.test_venue_search_enhancements.TestVenueCitiesEndpoint" name="test_cities_includes_expected_cities" time="0.364" /><testcase classname="tests.test_venue_search_enhancements.TestVenueAreasEndpoint" name="test_areas_returns_all_areas" time="0.305" /><testcase classname="tests.test_venue_search_enhancements.TestVenueAreasEndpoint" name="test_areas_filtered_by_city" time="0.164" /><testcase classname="tests.test_venue_search_enhancements.TestVenueAmenitiesEndpoint" name="test_amenities_returns_list_with_counts" time="0.105" /><testcase classname="tests.test_venue_search_enhancements.TestVenueAmenitiesEndpoint" name="test_amenities_includes_common_amenities" time="0.186" /><testcase classname="tests.test_venue_search_enhancements.TestVenueListFilters" name="test_venues_list_default" time="0.148" /><testcase classname="tests.test_venue_search_enhancements.TestVenueListFilters" name="test_filter_by_city" time="0.181" /><testcase classname="tests.test_venue_search_enhancements.TestVenueListFilters" name="test_filter_by_sport" time="0.217" /><testcase classname="tests.test_venue_search_enhancements.TestVenueListFilters" name="test_filter_by_city_and_sport" time="0.264" /><testcase classname="tests.test_venue_search_enhancements.TestVenueListFilters" name="test_search_by_name" time="0.227" /><testcase classname="tests.test_venue_search_enhancements.TestVenueListFilters" name="test_search_by_area" time="0.197" /><testcase classname="tests.test_venue_search_enhancements.TestVenueListFilters" name="test_search_by_city" time="0.245" /><testcase classname="tests.test_venue_search_enhancements.TestVenueListFilters" name="test_sort_by_price_low" time="0.277" /><testcase classname="tests.test_venue_search_enhancements.TestVenueListFilters" name="test_sort_by_price_high" time="0.153" /><testcase classname="tests.test_venue_search_enhancements.TestVenueListFilters" name="test_sort_by_rating" time="0.162" /><testcase classname="tests.test_venue_search_enhancements.TestVenueListFilters" name="test_filter_by_amenity" time="0.189" /><testcase classname="tests.test_venue_search_enhancements.TestVenueListFilters" name="test_filter_by_price_range" time="0.152" /><testcase classname="tests.test_venue_search_enhancements.TestVenueListFilters" name="test_filter_by_min_price" time="0.179" /><testcase classname="tests.test_venue_search_enhancements.TestVenueListFilters" name="test_combined_filters" time="0.129" /><testcase classname="tests.test_venue_search_enhancements.TestVenueDataFields" name="test_venue_has_area_field" time="0.172" /><testcase classname="tests.test_venue_search_enhancements.TestVenueDataFields" name="test_venue_has_required_fields" time="0.144" /></testsuite></testsuites>