<?xml version="1.0" encoding="utf-8"?><testsuites name="pytest tests"><testsuite name="pytest" errors="0" failures="0" skipped="0" tests="13" time="7.961" timestamp="2026-02-18T04:21:16.020401+00:00" hostname="agent-env-971a8121-e5f5-44fe-8de3-f45442aff1fa"><testcase classname="backend.tests.test_websocket_realtime.TestWebSocketEndpoint" name="test_websocket_endpoint_accepts_connection" time="0.400" /><testcase classname="backend.tests.test_websocket_realtime.TestWebSocketEndpoint" name="test_websocket_receives_venue_update_broadcast" time="0.817" /><testcase classname="backend.tests.test_websocket_realtime.TestWebSocketEndpoint" name="test_venue_update_returns_updated_data" time="0.713" /><testcase classname="backend.tests.test_websocket_realtime.TestWebSocketEndpoint" name="test_websocket_connection_without_venue_id_fails" time="0.163" /><testcase classname="backend.tests.test_websocket_realtime.TestVenueUpdatePermissions" name="test_owner_can_update_own_venue" time="0.556" /><testcase classname="backend.tests.test_websocket_realtime.TestVenueUpdatePermissions" name="test_player_cannot_update_venue" time="0.559" /><testcase classname="backend.tests.test_websocket_realtime.TestVenueUpdatePermissions" name="test_unauthenticated_cannot_update_venue" time="0.226" /><testcase classname="backend.tests.test_websocket_realtime.TestVenueUpdateFields" name="test_can_update_description" time="0.574" /><testcase classname="backend.tests.test_websocket_realtime.TestVenueUpdateFields" name="test_can_update_address" time="0.578" /><testcase classname="backend.tests.test_websocket_realtime.TestVenueUpdateFields" name="test_can_update_city" time="0.731" /><testcase classname="backend.tests.test_websocket_realtime.TestVenueUpdateFields" name="test_can_update_base_price" time="0.665" /><testcase classname="backend.tests.test_websocket_realtime.TestVenueUpdateFields" name="test_can_update_turfs" time="0.710" /><testcase classname="backend.tests.test_websocket_realtime.TestVenueUpdateFields" name="test_can_update_hours" time="1.198" /></testsuite></testsuites>